<?xml version="1.0" encoding="UTF-8"?>
<!-- Generated by org.testng.reporters.JUnitReportReporter -->
<testsuite hostname="DESKTOP-0VQHPD8" name="TestNG.NYTimes" tests="1" failures="0" timestamp="26 Aug 2016 07:48:40 GMT" time="34.753" errors="0">
  <testcase name="f" time="34.753" classname="TestNG.NYTimes"/>
</testsuite> <!-- TestNG.NYTimes -->
